<?xml version="1.0" encoding="utf-8"?><testsuites name="pytest tests"><testsuite name="pytest" errors="0" failures="1" skipped="0" tests="10" time="295.610" timestamp="2026-07-03T20:56:24.628664+00:00" hostname="agent-env-5ea7b211-64e7-4c14-a130-1772a6583acb"><testcase classname="tests.test_ai_team.TestOwnerGating" name="test_unauthed_agents_list" time="0.213" /><testcase classname="tests.test_ai_team.TestOwnerGating" name="test_owner_lists_12_agents" time="0.392" /><testcase classname="tests.test_ai_team.TestOwnerGating" name="test_non_owner_forbidden" time="0.355" /><testcase classname="tests.test_ai_team.TestChat" name="test_invalid_agent_404" time="0.059" /><testcase classname="tests.test_ai_team.TestChat" name="test_empty_message_400" time="0.055" /><testcase classname="tests.test_ai_team.TestChat" name="test_clear_then_chat_and_history_and_multi_turn" time="2.056" /><testcase classname="tests.test_ai_team.TestChat" name="test_clear_wipes_history" time="0.121" /><testcase classname="tests.test_ai_team.TestForge" name="test_non_owner_forge_forbidden" time="0.044" /><testcase classname="tests.test_ai_team.TestForge" name="test_forge_build_flow" time="292.087"><failure message="AssertionError: forge job failed: {'job_id': 'forge_aaa93325c8', 'user_id': 'user_10526fe223d2', 'agent_id': 'forge', 'brief': 'modern pet grooming salon', 'status': 'error', 'created_at': '2026-07-03T20:56:28.021809+00:00', 'updated_at': '2026-07-03T21:01:13.003967+00:00', 'title': 'Pawprint Studio', 'error': ''}&#10;assert 'error' == 'done'&#10;  &#10;  - done&#10;  + error">E   AssertionError: forge job failed: {'job_id': 'forge_aaa93325c8', 'user_id': 'user_10526fe223d2', 'agent_id': 'forge', 'brief': 'modern pet grooming salon', 'status': 'error', 'created_at': '2026-07-03T20:56:28.021809+00:00', 'updated_at': '2026-07-03T21:01:13.003967+00:00', 'title': 'Pawprint Studio', 'error': ''}
    assert 'error' == 'done'
      
      - done
      + error</failure></testcase><testcase classname="tests.test_ai_team.TestRegression" name="test_market_public" time="0.164" /></testsuite></testsuites>