<?xml version="1.0" encoding="utf-8"?><testsuites name="pytest tests"><testsuite name="pytest" errors="0" failures="0" skipped="0" tests="5" time="2.724" timestamp="2026-07-04T15:19:56.408613+00:00" hostname="agent-env-5ea7b211-64e7-4c14-a130-1772a6583acb"><testcase classname="tests.test_auth_verify" name="test_health_plans_no_db_dependency_ok" time="0.157" /><testcase classname="tests.test_auth_verify" name="test_login_owner_success_sets_cookie" time="0.374" /><testcase classname="tests.test_auth_verify" name="test_wrong_password_returns_401" time="0.140" /><testcase classname="tests.test_auth_verify" name="test_register_login_logout_flow" time="0.771" /><testcase classname="tests.test_auth_verify" name="test_session_persistence_across_new_client" time="0.461" /></testsuite></testsuites>