<?xml version="1.0" encoding="utf-8"?><testsuites name="pytest tests"><testsuite name="pytest" errors="0" failures="0" skipped="0" tests="8" time="45.357" timestamp="2026-07-02T16:52:23.299287+00:00" hostname="agent-env-5ea7b211-64e7-4c14-a130-1772a6583acb"><testcase classname="tests.test_rate_limiting.TestLoginBruteForce" name="test_five_wrong_then_locked_same_ip_correct_locked_diff_ip_ok" time="35.808" /><testcase classname="tests.test_rate_limiting.TestLoginBruteForce" name="test_successful_login_clears_counter" time="4.008" /><testcase classname="tests.test_rate_limiting.TestGenerateRateLimit" name="test_16th_generate_returns_429_and_other_user_unaffected" time="2.617" /><testcase classname="tests.test_rate_limiting.TestRegressionCore" name="test_admin_login_still_works_and_me" time="0.656" /><testcase classname="tests.test_rate_limiting.TestRegressionCore" name="test_old_admin_password_rejected" time="0.416" /><testcase classname="tests.test_rate_limiting.TestRegressionCore" name="test_subscription_cancel_reactivate" time="0.704" /><testcase classname="tests.test_rate_limiting.TestRegressionCore" name="test_402_gating_zero_credits" time="0.521" /><testcase classname="tests.test_rate_limiting.TestRegressionCore" name="test_list_templates" time="0.449" /></testsuite></testsuites>