<?xml version="1.0" encoding="utf-8"?><testsuites name="pytest tests"><testsuite name="pytest" errors="0" failures="1" skipped="0" tests="9" time="54.253" timestamp="2026-07-04T02:35:17.339723+00:00" hostname="agent-env-5ea7b211-64e7-4c14-a130-1772a6583acb"><testcase classname="tests.test_iter13" name="test_market_listings_public" time="0.175" /><testcase classname="tests.test_iter13" name="test_market_owned" time="0.374" /><testcase classname="tests.test_iter13" name="test_price_override_unauth" time="0.140" /><testcase classname="tests.test_iter13" name="test_price_override_non_owner" time="0.422"><failure message="AssertionError: got 200: {&quot;market_id&quot;:&quot;mkt_48e0689c647b&quot;,&quot;source_template_id&quot;:&quot;tpl_f93d19eb92ac&quot;,&quot;owner_user_id&quot;:&quot;user_10526fe223d2&quot;,&quot;title&quot;:&quot;Auréa Med Spa&quot;,&quot;category&quot;:&quot;High-End Med Spa &amp; Aesthetics Clinic&quot;,&quot;business_name&quot;:&quot;Auréa Med Spa&quot;,&quot;industry&quot;:&quot;High-End Med Spa &amp; Aesthetics Clinic&quot;,&quot;description&quot;:&quot;A physician-led aesthetics clinic offering advanced injectables, laser treatments and medical-grade skincare in a serene, five-star spa environment.&quot;,&quot;style&quot;:&quot;elegant&quot;,&quot;primary_color&quot;:&quot;#9A6A4F&quot;,&quot;contact_email&quot;:&quot;bookings@aureamedspa.com&quot;,&quot;phone&quot;:&quot;(212) 555-0164&quot;,&quot;target_audience&quot;:&quot;Affluent clients 30-60 seeking premium non-surgical aesthetics&quot;,&quot;key_services&quot;:&quot;Injectables &amp; fillers, Laser skin resurfacing, Medical-grade facials, Membership programs&quot;,&quot;brand_keywords&quot;:&quot;serene, clinical, indulgent, transformative&quot;,&quot;pages&quot;:null,&quot;quality&quot;:&quot;quality&quot;,&quot;price_usd&quot;:100.0,&quot;tier&quot;:&quot;Premium&quot;,&quot;summary&quot;:&quot;A flagship med spa template with 14 professionally architected sections, advanced multi-step booking flows, 44 JS listeners, and polished animations that commands premium pricing for luxury aesthetics clinics.&quot;,&quot;highlights&quot;:[&quot;14 content-rich sections covering treatments, team, case studies &amp; multi-step appointment &quot;,&quot;3 validated forms with conditional logic for personalized consultation flows&quot;,&quot;44 JavaScript listeners powering interactive counters, modals, form validation &amp; scroll-sp&quot;,&quot;13 keyframe animations creating luxury aesthetic micro-interactions throughout patient jou&quot;,&quot;204KB of production-grade code with 11 responsive breakpoints &amp; sophisticated UX patterns&quot;],&quot;rationale&quot;:&quot;This template meets and exceeds flagship criteria: 10+ sections (14), advanced interactive components (multi-step forms, appointment flow, lightbox-ready case studies), extensive animation suite (13 keyframes), high JS listener count (44), 204KB polished codebase, and luxury-caliber copy depth acros&quot;,&quot;priced_by&quot;:&quot;owner_override&quot;,&quot;views&quot;:0,&quot;purchases&quot;:0,&quot;active&quot;:true,&quot;created_at&quot;:&quot;2026-07-04T01:43:04.667000&quot;,&quot;updated_at&quot;:&quot;2026-07-04T01:53:40.322260+00:00&quot;,&quot;price_updated_at&quot;:&quot;2026-07-04T02:35:18.941000&quot;}&#10;assert 200 == 403&#10; +  where 200 = &lt;Response [200]&gt;.status_code">backend/tests/test_iter13.py:61: in test_price_override_non_owner
    assert r.status_code == 403, f"got {r.status_code}: {r.text}"
E   AssertionError: got 200: {"market_id":"mkt_48e0689c647b","source_template_id":"tpl_f93d19eb92ac","owner_user_id":"user_10526fe223d2","title":"Auréa Med Spa","category":"High-End Med Spa &amp; Aesthetics Clinic","business_name":"Auréa Med Spa","industry":"High-End Med Spa &amp; Aesthetics Clinic","description":"A physician-led aesthetics clinic offering advanced injectables, laser treatments and medical-grade skincare in a serene, five-star spa environment.","style":"elegant","primary_color":"#9A6A4F","contact_email":"bookings@aureamedspa.com","phone":"(212) 555-0164","target_audience":"Affluent clients 30-60 seeking premium non-surgical aesthetics","key_services":"Injectables &amp; fillers, Laser skin resurfacing, Medical-grade facials, Membership programs","brand_keywords":"serene, clinical, indulgent, transformative","pages":null,"quality":"quality","price_usd":100.0,"tier":"Premium","summary":"A flagship med spa template with 14 professionally architected sections, advanced multi-step booking flows, 44 JS listeners, and polished animations that commands premium pricing for luxury aesthetics clinics.","highlights":["14 content-rich sections covering treatments, team, case studies &amp; multi-step appointment ","3 validated forms with conditional logic for personalized consultation flows","44 JavaScript listeners powering interactive counters, modals, form validation &amp; scroll-sp","13 keyframe animations creating luxury aesthetic micro-interactions throughout patient jou","204KB of production-grade code with 11 responsive breakpoints &amp; sophisticated UX patterns"],"rationale":"This template meets and exceeds flagship criteria: 10+ sections (14), advanced interactive components (multi-step forms, appointment flow, lightbox-ready case studies), extensive animation suite (13 keyframes), high JS listener count (44), 204KB polished codebase, and luxury-caliber copy depth acros","priced_by":"owner_override","views":0,"purchases":0,"active":true,"created_at":"2026-07-04T01:43:04.667000","updated_at":"2026-07-04T01:53:40.322260+00:00","price_updated_at":"2026-07-04T02:35:18.941000"}
E   assert 200 == 403
E    +  where 200 = &lt;Response [200]&gt;.status_code</failure></testcase><testcase classname="tests.test_iter13" name="test_price_override_owner_success" time="0.186" /><testcase classname="tests.test_iter13" name="test_price_override_invalid" time="0.134" /><testcase classname="tests.test_iter13" name="test_price_override_unknown" time="0.047" /><testcase classname="tests.test_iter13" name="test_market_preview" time="0.124" /><testcase classname="tests.test_iter13" name="test_generate_haiku_economy" time="52.068" /></testsuite></testsuites>