<?xml version="1.0" encoding="utf-8"?><testsuites name="pytest tests"><testsuite name="pytest" errors="0" failures="0" skipped="0" tests="4" time="8.112" timestamp="2026-07-05T14:28:26.990108+00:00" hostname="agent-env-5ea7b211-64e7-4c14-a130-1772a6583acb"><testcase classname="tests.test_reset_business" name="test_non_owner_403" time="0.680" /><testcase classname="tests.test_reset_business" name="test_owner_wrong_confirm_400" time="0.466" /><testcase classname="tests.test_reset_business" name="test_reset_flow" time="0.611" /><testcase classname="tests.test_reset_business" name="test_titan_reflects_zero" time="6.147" /></testsuite></testsuites>