<?xml version="1.0" encoding="utf-8"?><testsuites name="pytest tests"><testsuite name="pytest" errors="0" failures="0" skipped="0" tests="13" time="7.089" timestamp="2026-07-04T16:15:58.720301+00:00" hostname="agent-env-5ea7b211-64e7-4c14-a130-1772a6583acb"><testcase classname="tests.test_iter16_fixes" name="test_status_ok" time="0.173" /><testcase classname="tests.test_iter16_fixes" name="test_owner_login_and_me" time="0.390" /><testcase classname="tests.test_iter16_fixes" name="test_owner_war_room_get" time="0.367" /><testcase classname="tests.test_iter16_fixes" name="test_checkout_rejects_subscription_kind" time="0.435" /><testcase classname="tests.test_iter16_fixes" name="test_checkout_credits_pack25_ok" time="1.000" /><testcase classname="tests.test_iter16_fixes" name="test_non_native_sub_lapses" time="0.395" /><testcase classname="tests.test_iter16_fixes" name="test_premium_402_when_below_min_credits" time="0.382" /><testcase classname="tests.test_iter16_fixes" name="test_economy_passes_1_credit_gate" time="0.389" /><testcase classname="tests.test_iter16_fixes" name="test_concurrency_cap_429_and_own_job_deleted" time="0.569" /><testcase classname="tests.test_iter16_fixes" name="test_indexes_exist" time="0.006" /><testcase classname="tests.test_iter16_fixes" name="test_war_room_slice_caps_at_300" time="2.064" /><testcase classname="tests.test_iter16_fixes" name="test_agent_chat_slice_caps_at_200" time="0.353" /><testcase classname="tests.test_iter16_fixes" name="test_duplicate_register_returns_400" time="0.421" /></testsuite></testsuites>