<?xml version="1.0" encoding="utf-8"?><testsuites name="pytest tests"><testsuite name="pytest" errors="0" failures="0" skipped="0" tests="20" time="16.315" timestamp="2026-07-02T17:36:16.729999+00:00" hostname="agent-env-5ea7b211-64e7-4c14-a130-1772a6583acb"><testcase classname="tests.test_stripe_subscription.TestSubscriptionCheckout" name="test_checkout_returns_stripe_url_monthly" time="1.259" /><testcase classname="tests.test_stripe_subscription.TestSubscriptionCheckout" name="test_checkout_returns_stripe_url_quarterly" time="0.515" /><testcase classname="tests.test_stripe_subscription.TestSubscriptionCheckout" name="test_checkout_returns_stripe_url_annual" time="0.600" /><testcase classname="tests.test_stripe_subscription.TestSubscriptionCheckout" name="test_invalid_plan_id" time="0.078" /><testcase classname="tests.test_stripe_subscription.TestSubscriptionCheckout" name="test_unauthenticated_rejected" time="0.190" /><testcase classname="tests.test_stripe_subscription.TestSubscriptionCheckout" name="test_checkout_status_requires_valid_session" time="0.080" /><testcase classname="tests.test_stripe_subscription.TestCreditPacksOldFlow" name="test_credits_pack_returns_url" time="0.619" /><testcase classname="tests.test_stripe_subscription.TestRegression" name="test_auth_me" time="0.079" /><testcase classname="tests.test_stripe_subscription.TestRegression" name="test_list_templates" time="0.079" /><testcase classname="tests.test_stripe_subscription.TestRegression" name="test_subscription_get" time="0.082" /><testcase classname="tests.test_stripe_subscription.TestRegression" name="test_brute_force_lockout" time="0.619" /><testcase classname="tests.test_stripe_subscription.TestRegression" name="test_402_when_no_credits" time="0.465" /><testcase classname="tests.test_rate_limiting.TestLoginBruteForce" name="test_five_wrong_then_locked_same_ip_correct_locked_diff_ip_ok" time="3.544" /><testcase classname="tests.test_rate_limiting.TestLoginBruteForce" name="test_successful_login_clears_counter" time="3.407" /><testcase classname="tests.test_rate_limiting.TestGenerateRateLimit" name="test_16th_generate_returns_429_and_other_user_unaffected" time="2.058" /><testcase classname="tests.test_rate_limiting.TestRegressionCore" name="test_admin_login_still_works_and_me" time="0.521" /><testcase classname="tests.test_rate_limiting.TestRegressionCore" name="test_old_admin_password_rejected" time="0.372" /><testcase classname="tests.test_rate_limiting.TestRegressionCore" name="test_subscription_cancel_reactivate" time="0.597" /><testcase classname="tests.test_rate_limiting.TestRegressionCore" name="test_402_gating_zero_credits" time="0.434" /><testcase classname="tests.test_rate_limiting.TestRegressionCore" name="test_list_templates" time="0.455" /></testsuite></testsuites>