<?xml version="1.0" encoding="utf-8"?><testsuites name="pytest tests"><testsuite name="pytest" errors="0" failures="0" skipped="0" tests="8" time="7.201" timestamp="2026-07-02T18:02:55.574485+00:00" hostname="agent-env-5ea7b211-64e7-4c14-a130-1772a6583acb"><testcase classname="tests.test_credit_system" name="test_plans_endpoint_shape" time="0.303" /><testcase classname="tests.test_credit_system" name="test_register_grants_15_extra_credits" time="0.556" /><testcase classname="tests.test_credit_system" name="test_402_gating_zero_credits" time="0.507" /><testcase classname="tests.test_credit_system" name="test_start_job_with_credits_and_no_deduction_on_error" time="1.942" /><testcase classname="tests.test_credit_system" name="test_annual_unlimited_bypass" time="0.792" /><testcase classname="tests.test_credit_system" name="test_estimate_cost_and_deduct_credits_unit" time="1.914" /><testcase classname="tests.test_credit_system" name="test_admin_login_and_me" time="0.526" /><testcase classname="tests.test_credit_system" name="test_list_templates_admin" time="0.506" /></testsuite></testsuites>