<?xml version="1.0" encoding="utf-8"?><testsuites name="pytest tests"><testsuite name="pytest" errors="0" failures="0" skipped="1" tests="12" time="2.283" timestamp="2026-07-03T12:50:23.899881+00:00" hostname="agent-env-5ea7b211-64e7-4c14-a130-1772a6583acb"><testcase classname="tests.test_analytics_domain.TestAnalytics" name="test_public_page_browser_ua_increments_views" time="0.991" /><testcase classname="tests.test_analytics_domain.TestCustomDomain" name="test_set_invalid_domain_400" time="0.777" /><testcase classname="tests.test_analytics_domain.TestCustomDomain" name="test_set_normalize_verify_true_and_public_serves" time="0.227" /><testcase classname="tests.test_analytics_domain.TestAnalytics" name="test_bot_ua_not_counted" time="0.244" /><testcase classname="tests.test_analytics_domain.TestCustomDomain" name="test_duplicate_domain_409" time="0.044"><skipped type="pytest.skip" message="No secondary published template to test 409">/app/backend/tests/test_analytics_domain.py:100: No secondary published template to test 409</skipped></testcase><testcase classname="tests.test_analytics_domain.TestCustomDomain" name="test_remove_domain_and_public_404" time="0.203" /><testcase classname="tests.test_analytics_domain.TestAnalytics" name="test_stats_shape" time="0.050" /><testcase classname="tests.test_analytics_domain.TestCustomDomain" name="test_set_domain_on_unpublished_400" time="0.127" /><testcase classname="tests.test_analytics_domain.TestAnalytics" name="test_stats_not_owner_404" time="0.050" /><testcase classname="tests.test_analytics_domain.TestRegression" name="test_zip_download" time="0.052" /><testcase classname="tests.test_analytics_domain.TestCustomDomain" name="test_verify_foreign_domain_false" time="0.258" /><testcase classname="tests.test_analytics_domain.TestRegression" name="test_slug_rename_same_ok" time="0.050" /></testsuite></testsuites>