<?xml version="1.0" encoding="utf-8"?><testsuites name="pytest tests"><testsuite name="pytest" errors="0" failures="0" skipped="0" tests="17" time="7.684" timestamp="2026-07-03T16:57:34.512738+00:00" hostname="agent-env-5ea7b211-64e7-4c14-a130-1772a6583acb"><testcase classname="tests.test_market.TestMarketPublic" name="test_list_active_listings" time="0.481" /><testcase classname="tests.test_market.TestMarketPublic" name="test_preview_public_no_auth" time="0.059" /><testcase classname="tests.test_market.TestMarketPublic" name="test_preview_increments_views" time="0.719" /><testcase classname="tests.test_market.TestPurchasedTemplateBehavior" name="test_purchased_shown_in_templates_list" time="0.710" /><testcase classname="tests.test_market.TestPurchasedTemplateBehavior" name="test_market_owned_lists_purchased" time="0.057" /><testcase classname="tests.test_market.TestPurchasedTemplateBehavior" name="test_edit_bypasses_credit_gate" time="0.063" /><testcase classname="tests.test_market.TestPurchasedTemplateBehavior" name="test_non_purchased_edit_still_gated" time="0.266" /><testcase classname="tests.test_market.TestPurchasedTemplateBehavior" name="test_download_zip" time="0.057" /><testcase classname="tests.test_market.TestMarketListing" name="test_list_requires_owner" time="0.054" /><testcase classname="tests.test_market.TestMarketPublic" name="test_preview_bad_id" time="0.044" /><testcase classname="tests.test_market.TestMarketCheckout" name="test_checkout_requires_auth" time="0.044" /><testcase classname="tests.test_market.TestMarketListing" name="test_owner_can_list_and_delist" time="3.591" /><testcase classname="tests.test_market.TestMarketCheckout" name="test_checkout_creates_session_and_txn" time="1.195" /><testcase classname="tests.test_market.TestMarketCheckout" name="test_checkout_bad_market_id" time="0.055" /><testcase classname="tests.test_market.TestMarketCheckout" name="test_status_endpoint_returns_transaction" time="0.322" /><testcase classname="tests.test_market.TestMarketListing" name="test_delist_requires_owner" time="0.050" /><testcase classname="tests.test_market.TestFulfillmentSimulation" name="test_direct_fulfillment_copies_template" time="1.708" /></testsuite></testsuites>