<?xml version="1.0" encoding="utf-8"?><testsuites name="pytest tests"><testsuite name="pytest" errors="0" failures="0" skipped="0" tests="5" time="1.399" timestamp="2026-07-04T10:15:28.445690+00:00" hostname="agent-env-5ea7b211-64e7-4c14-a130-1772a6583acb"><testcase classname="tests.test_premium_upgrade" name="test_owner_login_and_me" time="0.505" /><testcase classname="tests.test_premium_upgrade" name="test_upgrade_already_premium_returns_409" time="0.125" /><testcase classname="tests.test_premium_upgrade" name="test_premium_template_priced_high_on_market" time="0.052" /><testcase classname="tests.test_premium_upgrade" name="test_regenerate_endpoint_still_starts_job" time="0.048" /><testcase classname="tests.test_premium_upgrade" name="test_edit_endpoint_still_starts_job" time="0.101" /></testsuite></testsuites>