<?xml version="1.0" encoding="utf-8"?><testsuites name="pytest tests"><testsuite name="pytest" errors="0" failures="0" skipped="0" tests="30" time="7.742" timestamp="2026-07-02T16:30:52.404240+00:00" hostname="agent-env-5ea7b211-64e7-4c14-a130-1772a6583acb"><testcase classname="tests.backend_test.TestSecurityFixes" name="test_old_admin_password_rejected" time="0.417" /><testcase classname="tests.backend_test.TestSecurityFixes" name="test_new_admin_password_accepted" time="0.487" /><testcase classname="tests.backend_test.TestAuth" name="test_register_grants_3_extra_credits" time="0.905" /><testcase classname="tests.backend_test.TestSecurityFixes" name="test_disallowed_origin_no_acao" time="0.260" /><testcase classname="tests.backend_test.TestAuth" name="test_register_duplicate_email" time="0.179" /><testcase classname="tests.backend_test.TestSecurityFixes" name="test_allowed_origin_reflected" time="0.108" /><testcase classname="tests.backend_test.TestSecurityFixes" name="test_login_cookie_flags" time="0.477" /><testcase classname="tests.backend_test.TestAuth" name="test_admin_me" time="0.666" /><testcase classname="tests.backend_test.TestAuth" name="test_login_invalid" time="0.619" /><testcase classname="tests.backend_test.TestSecurityFixes" name="test_apply_payment_idempotency_db_guard" time="0.621" /><testcase classname="tests.backend_test.TestAuth" name="test_me_without_auth" time="0.164" /><testcase classname="tests.backend_test.TestSubscription" name="test_get_subscription_admin" time="0.310" /><testcase classname="tests.backend_test.TestSubscription" name="test_cancel_and_reactivate" time="0.559" /><testcase classname="tests.backend_test.TestSecurityFixes" name="test_checkout_status_user_scoped" time="0.944" /><testcase classname="tests.backend_test.TestSecurityFixes" name="test_deduct_never_negative" time="0.615" /><testcase classname="tests.backend_test.TestSubscription" name="test_cancel_without_active_returns_400" time="0.297" /><testcase classname="tests.backend_test.TestSubscription" name="test_reactivate_without_pending_cancel_returns_400" time="0.090" /><testcase classname="tests.backend_test.TestCreditGating" name="test_generate_with_zero_credits_returns_402" time="0.518" /><testcase classname="tests.backend_test.TestRegenerateEdit" name="test_regenerate_returns_job_id" time="0.422" /><testcase classname="tests.backend_test.TestCreditGating" name="test_regenerate_with_zero_credits_returns_402" time="0.521" /><testcase classname="tests.backend_test.TestRegenerateEdit" name="test_regenerate_unknown_returns_404" time="0.104" /><testcase classname="tests.backend_test.TestRegenerateEdit" name="test_edit_returns_job_id" time="0.326" /><testcase classname="tests.backend_test.TestRegenerateEdit" name="test_edit_unknown_returns_404" time="0.127" /><testcase classname="tests.backend_test.TestCreditGating" name="test_edit_with_zero_credits_returns_402" time="0.710" /><testcase classname="tests.backend_test.TestCreditReset" name="test_reset_advances_plan_credits_only" time="0.627" /><testcase classname="tests.backend_test.TestCheckout" name="test_subscription_checkout" time="0.617" /><testcase classname="tests.backend_test.TestCreditReset" name="test_no_reset_when_next_reset_future" time="0.941" /><testcase classname="tests.backend_test.TestCheckout" name="test_invalid_plan" time="0.233" /><testcase classname="tests.backend_test.TestCheckout" name="test_checkout_requires_auth" time="0.165" /><testcase classname="tests.backend_test.TestPlans" name="test_plans_shape" time="0.166" /></testsuite></testsuites>