<?xml version="1.0" encoding="utf-8"?><testsuites name="pytest tests"><testsuite name="pytest" errors="0" failures="0" skipped="0" tests="22" time="6.857" timestamp="2026-07-02T16:11:00.470703+00:00" hostname="agent-env-5ea7b211-64e7-4c14-a130-1772a6583acb"><testcase classname="tests.backend_test.TestSubscription" name="test_get_subscription_admin" time="0.963" /><testcase classname="tests.backend_test.TestAuth" name="test_register_grants_3_extra_credits" time="0.862" /><testcase classname="tests.backend_test.TestAuth" name="test_register_duplicate_email" time="0.194" /><testcase classname="tests.backend_test.TestSubscription" name="test_cancel_and_reactivate" time="0.614" /><testcase classname="tests.backend_test.TestAuth" name="test_admin_me" time="0.514" /><testcase classname="tests.backend_test.TestAuth" name="test_login_invalid" time="0.402" /><testcase classname="tests.backend_test.TestAuth" name="test_me_without_auth" time="0.250" /><testcase classname="tests.backend_test.TestSubscription" name="test_cancel_without_active_returns_400" time="0.736" /><testcase classname="tests.backend_test.TestRegenerateEdit" name="test_regenerate_returns_job_id" time="0.187" /><testcase classname="tests.backend_test.TestSubscription" name="test_reactivate_without_pending_cancel_returns_400" time="0.098" /><testcase classname="tests.backend_test.TestRegenerateEdit" name="test_regenerate_unknown_returns_404" time="0.135" /><testcase classname="tests.backend_test.TestCreditGating" name="test_generate_with_zero_credits_returns_402" time="0.494" /><testcase classname="tests.backend_test.TestRegenerateEdit" name="test_edit_returns_job_id" time="0.415" /><testcase classname="tests.backend_test.TestCreditGating" name="test_regenerate_with_zero_credits_returns_402" time="1.018" /><testcase classname="tests.backend_test.TestRegenerateEdit" name="test_edit_unknown_returns_404" time="0.089" /><testcase classname="tests.backend_test.TestCheckout" name="test_subscription_checkout" time="0.870" /><testcase classname="tests.backend_test.TestCheckout" name="test_invalid_plan" time="0.089" /><testcase classname="tests.backend_test.TestCreditGating" name="test_edit_with_zero_credits_returns_402" time="0.516" /><testcase classname="tests.backend_test.TestCheckout" name="test_checkout_requires_auth" time="0.327" /><testcase classname="tests.backend_test.TestPlans" name="test_plans_shape" time="0.185" /><testcase classname="tests.backend_test.TestCreditReset" name="test_reset_advances_plan_credits_only" time="0.568" /><testcase classname="tests.backend_test.TestCreditReset" name="test_no_reset_when_next_reset_future" time="0.522" /></testsuite></testsuites>